<?xml version="1.0" encoding="UTF-8"?>
<robot generator="Robot 3.2.1 (Python 3.8.3rc1 on win32)" generated="20200517 16:46:36.878" rpa="false">
<suite id="s1" name="Testsuite1" source="C:\Users\PapaRao\eclipse-workspace\Prabhurobot2\Prabhufolderrobot\testsuite1.robot">
<kw name="Log" library="BuiltIn" type="setup">
<doc>Logs the given message with the given level.</doc>
<arguments>
<arg>I am inside Suite Setup</arg>
</arguments>
<msg timestamp="20200517 16:46:37.273" level="INFO">I am inside Suite Setup</msg>
<status status="PASS" starttime="20200517 16:46:37.273" endtime="20200517 16:46:37.273"></status>
</kw>
<test id="s1-t1" name="MyFristTest">
<kw name="Log" library="BuiltIn" type="setup">
<doc>Logs the given message with the given level.</doc>
<arguments>
<arg>I am inside Test Setup</arg>
</arguments>
<msg timestamp="20200517 16:46:37.275" level="INFO">I am inside Test Setup</msg>
<status status="PASS" starttime="20200517 16:46:37.275" endtime="20200517 16:46:37.275"></status>
</kw>
<kw name="Log" library="BuiltIn">
<doc>Logs the given message with the given level.</doc>
<arguments>
<arg>HELLO WORLD...</arg>
</arguments>
<msg timestamp="20200517 16:46:37.276" level="INFO">HELLO WORLD...</msg>
<status status="PASS" starttime="20200517 16:46:37.275" endtime="20200517 16:46:37.276"></status>
</kw>
<kw name="Log" library="BuiltIn" type="teardown">
<doc>Logs the given message with the given level.</doc>
<arguments>
<arg>I am inside Test Teardown</arg>
</arguments>
<msg timestamp="20200517 16:46:37.276" level="INFO">I am inside Test Teardown</msg>
<status status="PASS" starttime="20200517 16:46:37.276" endtime="20200517 16:46:37.276"></status>
</kw>
<tags>
<tag>smoke</tag>
</tags>
<status status="PASS" starttime="20200517 16:46:37.274" endtime="20200517 16:46:37.277" critical="yes"></status>
</test>
<test id="s1-t2" name="MysecondTest">
<kw name="Log" library="BuiltIn" type="setup">
<doc>Logs the given message with the given level.</doc>
<arguments>
<arg>I am inside Test Setup</arg>
</arguments>
<msg timestamp="20200517 16:46:37.279" level="INFO">I am inside Test Setup</msg>
<status status="PASS" starttime="20200517 16:46:37.279" endtime="20200517 16:46:37.279"></status>
</kw>
<kw name="Log" library="BuiltIn">
<doc>Logs the given message with the given level.</doc>
<arguments>
<arg>I am in my 2nd Test</arg>
</arguments>
<msg timestamp="20200517 16:46:37.280" level="INFO">I am in my 2nd Test</msg>
<status status="PASS" starttime="20200517 16:46:37.280" endtime="20200517 16:46:37.280"></status>
</kw>
<kw name="Log" library="BuiltIn" type="teardown">
<doc>Logs the given message with the given level.</doc>
<arguments>
<arg>I am inside Test Teardown</arg>
</arguments>
<msg timestamp="20200517 16:46:37.282" level="INFO">I am inside Test Teardown</msg>
<status status="PASS" starttime="20200517 16:46:37.281" endtime="20200517 16:46:37.282"></status>
</kw>
<tags>
<tag>regression1</tag>
</tags>
<status status="PASS" starttime="20200517 16:46:37.278" endtime="20200517 16:46:37.282" critical="yes"></status>
</test>
<test id="s1-t3" name="MythirdTest">
<kw name="Log" library="BuiltIn" type="setup">
<doc>Logs the given message with the given level.</doc>
<arguments>
<arg>I am inside Test Setup</arg>
</arguments>
<msg timestamp="20200517 16:46:37.285" level="INFO">I am inside Test Setup</msg>
<status status="PASS" starttime="20200517 16:46:37.285" endtime="20200517 16:46:37.285"></status>
</kw>
<kw name="Log" library="BuiltIn">
<doc>Logs the given message with the given level.</doc>
<arguments>
<arg>I am in my 3rd Test</arg>
</arguments>
<msg timestamp="20200517 16:46:37.287" level="INFO">I am in my 3rd Test</msg>
<status status="PASS" starttime="20200517 16:46:37.286" endtime="20200517 16:46:37.287"></status>
</kw>
<kw name="Log" library="BuiltIn" type="teardown">
<doc>Logs the given message with the given level.</doc>
<arguments>
<arg>I am inside Test Teardown</arg>
</arguments>
<msg timestamp="20200517 16:46:37.288" level="INFO">I am inside Test Teardown</msg>
<status status="PASS" starttime="20200517 16:46:37.288" endtime="20200517 16:46:37.288"></status>
</kw>
<tags>
<tag>Sanity</tag>
</tags>
<status status="PASS" starttime="20200517 16:46:37.284" endtime="20200517 16:46:37.289" critical="yes"></status>
</test>
<kw name="Log" library="BuiltIn" type="teardown">
<doc>Logs the given message with the given level.</doc>
<arguments>
<arg>I am inside Suite Teardown</arg>
</arguments>
<msg timestamp="20200517 16:46:37.291" level="INFO">I am inside Suite Teardown</msg>
<status status="PASS" starttime="20200517 16:46:37.291" endtime="20200517 16:46:37.291"></status>
</kw>
<status status="PASS" starttime="20200517 16:46:36.880" endtime="20200517 16:46:37.291"></status>
</suite>
<statistics>
<total>
<stat pass="3" fail="0">Critical Tests</stat>
<stat pass="3" fail="0">All Tests</stat>
</total>
<tag>
<stat pass="1" fail="0">regression1</stat>
<stat pass="1" fail="0">Sanity</stat>
<stat pass="1" fail="0">smoke</stat>
</tag>
<suite>
<stat pass="3" fail="0" id="s1" name="Testsuite1">Testsuite1</stat>
</suite>
</statistics>
<errors>
</errors>
</robot>
